TN:
SF:configuration.ts
FNF:0
FNH:0
DA:1,1
DA:2,1
DA:3,1
DA:4,1
DA:5,1
DA:6,1
DA:7,1
DA:8,1
DA:9,1
DA:10,1
DA:11,1
DA:12,1
DA:13,1
DA:14,1
DA:15,1
DA:16,1
DA:17,1
DA:18,1
DA:19,1
DA:20,1
DA:21,1
DA:22,1
DA:23,1
DA:24,1
DA:25,1
DA:26,1
DA:27,1
LF:27
LH:27
BRF:0
BRH:0
end_of_record
TN:
SF:src/components/CalendarDayView/CalendarDayView.tsx
FN:6,CalendarDayView
FN:23,groupAppointmentsByStartTime
FNF:2
FNH:2
FNDA:3,CalendarDayView
FNDA:3,groupAppointmentsByStartTime
DA:1,1
DA:2,1
DA:3,1
DA:4,1
DA:5,1
DA:6,3
DA:7,3
DA:8,3
DA:9,3
DA:10,3
DA:11,3
DA:12,3
DA:13,39
DA:14,39
DA:15,39
DA:16,39
DA:17,39
DA:18,3
DA:19,3
DA:20,3
DA:21,3
DA:22,3
DA:23,3
DA:24,3
DA:25,3
DA:26,3
DA:27,3
DA:28,12
DA:29,12
DA:30,12
DA:31,12
DA:32,12
DA:33,3
DA:34,3
DA:35,3
DA:36,3
LF:36
LH:36
BRDA:6,0,0,3
BRDA:12,1,0,39
BRDA:16,2,0,30
BRDA:23,3,0,3
BRDA:27,4,0,12
BRF:5
BRH:5
end_of_record
TN:
SF:src/components/CalendarDayView/components/Appointment/Appointment.tsx
FN:8,Appointment
FNF:1
FNH:1
FNDA:12,Appointment
DA:1,1
DA:2,1
DA:3,1
DA:4,1
DA:5,1
DA:6,1
DA:7,1
DA:8,12
DA:9,12
DA:10,12
DA:11,12
DA:12,12
DA:13,12
DA:14,12
DA:15,12
DA:16,12
DA:17,12
DA:18,12
DA:19,12
DA:20,12
LF:20
LH:20
BRDA:8,0,0,12
BRF:1
BRH:1
end_of_record
TN:
SF:src/components/CalendarDayView/components/Header/Header.tsx
FN:5,Header
FNF:1
FNH:1
FNDA:4,Header
DA:1,1
DA:2,1
DA:3,1
DA:4,1
DA:5,4
DA:6,4
DA:7,4
DA:8,4
DA:9,4
DA:10,4
DA:11,4
LF:11
LH:11
BRDA:5,0,0,4
BRF:1
BRH:1
end_of_record
TN:
SF:src/components/CalendarDayView/components/TimeSlot/TimeSlot.tsx
FN:9,TimeSlot
FNF:1
FNH:1
FNDA:40,TimeSlot
DA:1,1
DA:2,1
DA:3,1
DA:4,1
DA:5,1
DA:6,1
DA:7,1
DA:8,1
DA:9,40
DA:10,40
DA:11,40
DA:12,40
DA:13,40
DA:14,40
DA:15,11
DA:16,40
DA:17,40
DA:18,40
DA:19,40
LF:19
LH:19
BRDA:9,0,0,40
BRDA:14,1,0,11
BRF:2
BRH:2
end_of_record
TN:
SF:src/lib/time.ts
FN:1,timeStringToMinutes
FNF:1
FNH:1
FNDA:26,timeStringToMinutes
DA:1,26
DA:2,26
DA:3,26
DA:4,26
DA:5,11
DA:6,11
DA:7,26
DA:8,26
LF:8
LH:8
BRDA:1,0,0,26
BRDA:4,1,0,14
BRDA:4,2,0,11
BRF:3
BRH:3
end_of_record
